2023-03-23T00:03:33.536+01:00 r= ip=  INFO 3116 --- [main] .a.i.SepmIndividualAssignmentApplication : Starting SepmIndividualAssignmentApplication using Java 17.0.2 with PID 3116 (C:\Uni\SEPM\einzelphase\backend\target\classes started by verci in C:\Uni\SEPM\einzelphase\backend)
2023-03-23T00:03:33.540+01:00 r= ip=  INFO 3116 --- [main] .a.i.SepmIndividualAssignmentApplication : No active profile set, falling back to 1 default profile: "default"
2023-03-23T00:03:34.241+01:00 r= ip=  INFO 3116 --- [main] o.s.b.w.embedded.tomcat.TomcatWebServer  : Tomcat initialized with port(s): 8080 (http)
2023-03-23T00:03:34.247+01:00 r= ip=  INFO 3116 --- [main] o.apache.catalina.core.StandardService   : Starting service [Tomcat]
2023-03-23T00:03:34.247+01:00 r= ip=  INFO 3116 --- [main] o.apache.catalina.core.StandardEngine    : Starting Servlet engine: [Apache Tomcat/10.1.5]
2023-03-23T00:03:34.301+01:00 r= ip=  INFO 3116 --- [main] o.a.c.c.C.[Tomcat].[localhost].[/]       : Initializing Spring embedded WebApplicationContext
2023-03-23T00:03:34.301+01:00 r= ip=  INFO 3116 --- [main] w.s.c.ServletWebServerApplicationContext : Root WebApplicationContext: initialization completed in 734 ms
2023-03-23T00:03:34.320+01:00 r= ip=  INFO 3116 --- [main] com.zaxxer.hikari.HikariDataSource       : HikariPool-1 - Starting...
2023-03-23T00:03:34.479+01:00 r= ip=  INFO 3116 --- [main] com.zaxxer.hikari.pool.HikariPool        : HikariPool-1 - Added connection conn1: url=jdbc:h2:./wendydb user=SA
2023-03-23T00:03:34.481+01:00 r= ip=  INFO 3116 --- [main] com.zaxxer.hikari.HikariDataSource       : HikariPool-1 - Start completed.
2023-03-23T00:03:34.488+01:00 r= ip=  INFO 3116 --- [main] o.s.b.a.h2.H2ConsoleAutoConfiguration    : H2 console available at '/h2-console'. Database available at 'jdbc:h2:./wendydb'
2023-03-23T00:03:34.734+01:00 r= ip=  INFO 3116 --- [main] o.s.b.w.embedded.tomcat.TomcatWebServer  : Tomcat started on port(s): 8080 (http) with context path ''
2023-03-23T00:03:34.740+01:00 r= ip=  INFO 3116 --- [main] .a.i.SepmIndividualAssignmentApplication : Started SepmIndividualAssignmentApplication in 1.472 seconds (process running for 2.858)
2023-03-23T00:03:37.292+01:00 r= ip=  INFO 3116 --- [http-nio-8080-exec-3] o.a.c.c.C.[Tomcat].[localhost].[/]       : Initializing Spring DispatcherServlet 'dispatcherServlet'
2023-03-23T00:03:37.292+01:00 r= ip=  INFO 3116 --- [http-nio-8080-exec-3] o.s.web.servlet.DispatcherServlet        : Initializing Servlet 'dispatcherServlet'
2023-03-23T00:03:37.293+01:00 r= ip=  INFO 3116 --- [http-nio-8080-exec-3] o.s.web.servlet.DispatcherServlet        : Completed initialization in 1 ms
2023-03-23T00:03:37.296+01:00 r=0f9d82865af4 ip=0:0:0:0:0:0:0:1  INFO 3116 --- [http-nio-8080-exec-3] a.a.t.s.a.individual.config.LogFilter    : >>> GET /horses UA=PostmanRuntime/7.29.0
2023-03-23T00:03:37.318+01:00 r=0f9d82865af4 ip=0:0:0:0:0:0:0:1  INFO 3116 --- [http-nio-8080-exec-3] a.a.t.s.a.individual.rest.HorseEndpoint  : GET /horses
2023-03-23T00:03:37.377+01:00 r=0f9d82865af4 ip=0:0:0:0:0:0:0:1  INFO 3116 --- [http-nio-8080-exec-3] a.a.t.s.a.individual.config.LogFilter    : <<< GET /horses status=200 time=80ms
2023-03-23T00:09:37.885+01:00 r=45a760bb0c79 ip=0:0:0:0:0:0:0:1  INFO 3116 --- [http-nio-8080-exec-9] a.a.t.s.a.individual.config.LogFilter    : >>> POST /horses UA=PostmanRuntime/7.29.0
2023-03-23T00:09:37.908+01:00 r=45a760bb0c79 ip=0:0:0:0:0:0:0:1  INFO 3116 --- [http-nio-8080-exec-9] a.a.t.s.a.individual.rest.HorseEndpoint  : POST trying to create Horse with the Name: double
2023-03-23T00:09:37.911+01:00 r=45a760bb0c79 ip=0:0:0:0:0:0:0:1  INFO 3116 --- [http-nio-8080-exec-9] a.a.t.s.a.i.p.impl.HorseJdbcDao          : created horse with ID:null
2023-03-23T00:09:37.911+01:00 r=45a760bb0c79 ip=0:0:0:0:0:0:0:1  INFO 3116 --- [http-nio-8080-exec-9] a.a.t.s.a.i.p.impl.HorseJdbcDao          : created horse with ID:null
2023-03-23T00:09:37.912+01:00 r=45a760bb0c79 ip=0:0:0:0:0:0:0:1  INFO 3116 --- [http-nio-8080-exec-9] a.a.t.s.a.individual.config.LogFilter    : <<< POST /horses status=200 time=27ms
2023-03-23T00:09:42.273+01:00 r=27b5c8b1cb97 ip=0:0:0:0:0:0:0:1  INFO 3116 --- [http-nio-8080-exec-6] a.a.t.s.a.individual.config.LogFilter    : >>> GET /horses UA=PostmanRuntime/7.29.0
2023-03-23T00:09:42.274+01:00 r=27b5c8b1cb97 ip=0:0:0:0:0:0:0:1  INFO 3116 --- [http-nio-8080-exec-6] a.a.t.s.a.individual.rest.HorseEndpoint  : GET /horses
2023-03-23T00:09:42.276+01:00 r=27b5c8b1cb97 ip=0:0:0:0:0:0:0:1  INFO 3116 --- [http-nio-8080-exec-6] a.a.t.s.a.individual.config.LogFilter    : <<< GET /horses status=200 time=2ms
2023-03-23T00:21:22.183+01:00 r= ip=  INFO 3116 --- [SpringApplicationShutdownHook] com.zaxxer.hikari.HikariDataSource       : HikariPool-1 - Shutdown initiated...
2023-03-23T00:21:22.194+01:00 r= ip=  INFO 3116 --- [SpringApplicationShutdownHook] com.zaxxer.hikari.HikariDataSource       : HikariPool-1 - Shutdown completed.
2023-03-23T00:21:25.847+01:00 r= ip=  INFO 12612 --- [main] .a.i.SepmIndividualAssignmentApplication : Starting SepmIndividualAssignmentApplication using Java 17.0.2 with PID 12612 (C:\Uni\SEPM\einzelphase\backend\target\classes started by verci in C:\Uni\SEPM\einzelphase\backend)
2023-03-23T00:21:25.849+01:00 r= ip=  INFO 12612 --- [main] .a.i.SepmIndividualAssignmentApplication : No active profile set, falling back to 1 default profile: "default"
2023-03-23T00:21:26.422+01:00 r= ip=  INFO 12612 --- [main] o.s.b.w.embedded.tomcat.TomcatWebServer  : Tomcat initialized with port(s): 8080 (http)
2023-03-23T00:21:26.428+01:00 r= ip=  INFO 12612 --- [main] o.apache.catalina.core.StandardService   : Starting service [Tomcat]
2023-03-23T00:21:26.428+01:00 r= ip=  INFO 12612 --- [main] o.apache.catalina.core.StandardEngine    : Starting Servlet engine: [Apache Tomcat/10.1.5]
2023-03-23T00:21:26.481+01:00 r= ip=  INFO 12612 --- [main] o.a.c.c.C.[Tomcat].[localhost].[/]       : Initializing Spring embedded WebApplicationContext
2023-03-23T00:21:26.481+01:00 r= ip=  INFO 12612 --- [main] w.s.c.ServletWebServerApplicationContext : Root WebApplicationContext: initialization completed in 605 ms
2023-03-23T00:21:26.500+01:00 r= ip=  INFO 12612 --- [main] com.zaxxer.hikari.HikariDataSource       : HikariPool-1 - Starting...
2023-03-23T00:21:26.651+01:00 r= ip=  INFO 12612 --- [main] com.zaxxer.hikari.pool.HikariPool        : HikariPool-1 - Added connection conn1: url=jdbc:h2:./wendydb user=SA
2023-03-23T00:21:26.653+01:00 r= ip=  INFO 12612 --- [main] com.zaxxer.hikari.HikariDataSource       : HikariPool-1 - Start completed.
2023-03-23T00:21:26.660+01:00 r= ip=  INFO 12612 --- [main] o.s.b.a.h2.H2ConsoleAutoConfiguration    : H2 console available at '/h2-console'. Database available at 'jdbc:h2:./wendydb'
2023-03-23T00:21:26.908+01:00 r= ip=  INFO 12612 --- [main] o.s.b.w.embedded.tomcat.TomcatWebServer  : Tomcat started on port(s): 8080 (http) with context path ''
2023-03-23T00:21:26.914+01:00 r= ip=  INFO 12612 --- [main] .a.i.SepmIndividualAssignmentApplication : Started SepmIndividualAssignmentApplication in 1.341 seconds (process running for 1.695)
2023-03-23T00:21:41.068+01:00 r= ip=  INFO 12612 --- [http-nio-8080-exec-1] o.a.c.c.C.[Tomcat].[localhost].[/]       : Initializing Spring DispatcherServlet 'dispatcherServlet'
2023-03-23T00:21:41.068+01:00 r= ip=  INFO 12612 --- [http-nio-8080-exec-1] o.s.web.servlet.DispatcherServlet        : Initializing Servlet 'dispatcherServlet'
2023-03-23T00:21:41.069+01:00 r= ip=  INFO 12612 --- [http-nio-8080-exec-1] o.s.web.servlet.DispatcherServlet        : Completed initialization in 0 ms
2023-03-23T00:21:41.072+01:00 r=d8bb40bdda3c ip=0:0:0:0:0:0:0:1  INFO 12612 --- [http-nio-8080-exec-1] a.a.t.s.a.individual.config.LogFilter    : >>> POST /horses UA=PostmanRuntime/7.29.0
2023-03-23T00:21:41.133+01:00 r=d8bb40bdda3c ip=0:0:0:0:0:0:0:1  INFO 12612 --- [http-nio-8080-exec-1] a.a.t.s.a.individual.rest.HorseEndpoint  : POST trying to create Horse with the Name: tripple
2023-03-23T00:21:41.142+01:00 r=d8bb40bdda3c ip=0:0:0:0:0:0:0:1  INFO 12612 --- [http-nio-8080-exec-1] a.a.t.s.a.i.p.impl.HorseJdbcDao          : created horse with ID:null
2023-03-23T00:21:41.149+01:00 r=d8bb40bdda3c ip=0:0:0:0:0:0:0:1  INFO 12612 --- [http-nio-8080-exec-1] a.a.t.s.a.individual.config.LogFilter    : <<< POST /horses status=200 time=75ms
2023-03-23T00:21:46.362+01:00 r=35403764b7c3 ip=0:0:0:0:0:0:0:1  INFO 12612 --- [http-nio-8080-exec-2] a.a.t.s.a.individual.config.LogFilter    : >>> GET /horses UA=PostmanRuntime/7.29.0
2023-03-23T00:21:46.366+01:00 r=35403764b7c3 ip=0:0:0:0:0:0:0:1  INFO 12612 --- [http-nio-8080-exec-2] a.a.t.s.a.individual.rest.HorseEndpoint  : GET /horses
2023-03-23T00:21:46.393+01:00 r=35403764b7c3 ip=0:0:0:0:0:0:0:1  INFO 12612 --- [http-nio-8080-exec-2] a.a.t.s.a.individual.config.LogFilter    : <<< GET /horses status=200 time=30ms
2023-03-23T00:21:55.958+01:00 r=e97e92fdc68c ip=0:0:0:0:0:0:0:1  INFO 12612 --- [http-nio-8080-exec-4] a.a.t.s.a.individual.config.LogFilter    : >>> POST /horses UA=PostmanRuntime/7.29.0
2023-03-23T00:21:55.959+01:00 r=e97e92fdc68c ip=0:0:0:0:0:0:0:1  INFO 12612 --- [http-nio-8080-exec-4] a.a.t.s.a.individual.rest.HorseEndpoint  : POST trying to create Horse with the Name:   
2023-03-23T00:21:55.959+01:00 r=e97e92fdc68c ip=0:0:0:0:0:0:0:1  WARN 12612 --- [http-nio-8080-exec-4] a.a.t.s.a.individual.rest.HorseEndpoint  : 400 Horse could not be created: ValidationException: Validation of horse for creation failed. Failed validations: Horse name is given but blank.
2023-03-23T00:21:55.961+01:00 r=e97e92fdc68c ip=0:0:0:0:0:0:0:1  WARN 12612 --- [http-nio-8080-exec-4] .a.t.s.a.i.r.ApplicationExceptionHandler : Terminating request processing with status 422 due to ValidationException: Validation of horse for creation failed. Failed validations: Horse name is given but blank.
2023-03-23T00:21:55.968+01:00 r=e97e92fdc68c ip=0:0:0:0:0:0:0:1  WARN 12612 --- [http-nio-8080-exec-4] a.a.t.s.a.individual.config.LogFilter    : <<< POST /horses status=422 time=9ms
2023-03-23T00:22:10.971+01:00 r=abefccb1483f ip=0:0:0:0:0:0:0:1  INFO 12612 --- [http-nio-8080-exec-6] a.a.t.s.a.individual.config.LogFilter    : >>> OPTIONS /horses UA=Mozilla/5.0 (Windows NT 10.0; Win64; x64) AppleWebKit/537.36 (KHTML, like Gecko) Chrome/110.0.0.0 Safari/537.36
2023-03-23T00:22:10.976+01:00 r=abefccb1483f ip=0:0:0:0:0:0:0:1  INFO 12612 --- [http-nio-8080-exec-6] a.a.t.s.a.individual.config.LogFilter    : <<< OPTIONS /horses status=200 time=5ms
2023-03-23T00:22:10.979+01:00 r=f82a2c6d885d ip=0:0:0:0:0:0:0:1  INFO 12612 --- [http-nio-8080-exec-5] a.a.t.s.a.individual.config.LogFilter    : >>> POST /horses UA=Mozilla/5.0 (Windows NT 10.0; Win64; x64) AppleWebKit/537.36 (KHTML, like Gecko) Chrome/110.0.0.0 Safari/537.36
2023-03-23T00:22:10.981+01:00 r=f82a2c6d885d ip=0:0:0:0:0:0:0:1  INFO 12612 --- [http-nio-8080-exec-5] a.a.t.s.a.individual.rest.HorseEndpoint  : POST trying to create Horse with the Name:   
2023-03-23T00:22:10.981+01:00 r=f82a2c6d885d ip=0:0:0:0:0:0:0:1  WARN 12612 --- [http-nio-8080-exec-5] a.a.t.s.a.individual.rest.HorseEndpoint  : 400 Horse could not be created: ValidationException: Validation of horse for creation failed. Failed validations: Horse name is given but blank.
2023-03-23T00:22:10.982+01:00 r=f82a2c6d885d ip=0:0:0:0:0:0:0:1  WARN 12612 --- [http-nio-8080-exec-5] .a.t.s.a.i.r.ApplicationExceptionHandler : Terminating request processing with status 422 due to ValidationException: Validation of horse for creation failed. Failed validations: Horse name is given but blank.
2023-03-23T00:22:10.983+01:00 r=f82a2c6d885d ip=0:0:0:0:0:0:0:1  WARN 12612 --- [http-nio-8080-exec-5] a.a.t.s.a.individual.config.LogFilter    : <<< POST /horses status=422 time=3ms
2023-03-23T00:22:21.568+01:00 r=e80622ecfc49 ip=0:0:0:0:0:0:0:1  INFO 12612 --- [http-nio-8080-exec-10] a.a.t.s.a.individual.config.LogFilter    : >>> POST /horses UA=Mozilla/5.0 (Windows NT 10.0; Win64; x64) AppleWebKit/537.36 (KHTML, like Gecko) Chrome/110.0.0.0 Safari/537.36
2023-03-23T00:22:21.569+01:00 r=e80622ecfc49 ip=0:0:0:0:0:0:0:1  INFO 12612 --- [http-nio-8080-exec-10] a.a.t.s.a.individual.rest.HorseEndpoint  : POST trying to create Horse with the Name:   
2023-03-23T00:22:21.569+01:00 r=e80622ecfc49 ip=0:0:0:0:0:0:0:1  WARN 12612 --- [http-nio-8080-exec-10] a.a.t.s.a.individual.rest.HorseEndpoint  : 400 Horse could not be created: ValidationException: Validation of horse for creation failed. Failed validations: Horse name is given but blank.
2023-03-23T00:22:21.570+01:00 r=e80622ecfc49 ip=0:0:0:0:0:0:0:1  WARN 12612 --- [http-nio-8080-exec-10] .a.t.s.a.i.r.ApplicationExceptionHandler : Terminating request processing with status 422 due to ValidationException: Validation of horse for creation failed. Failed validations: Horse name is given but blank.
2023-03-23T00:22:21.570+01:00 r=e80622ecfc49 ip=0:0:0:0:0:0:0:1  WARN 12612 --- [http-nio-8080-exec-10] a.a.t.s.a.individual.config.LogFilter    : <<< POST /horses status=422 time=2ms
2023-03-23T00:51:22.943+01:00 r=9db682193d68 ip=0:0:0:0:0:0:0:1  INFO 12612 --- [http-nio-8080-exec-7] a.a.t.s.a.individual.config.LogFilter    : >>> POST /horses UA=Mozilla/5.0 (Windows NT 10.0; Win64; x64) AppleWebKit/537.36 (KHTML, like Gecko) Chrome/110.0.0.0 Safari/537.36
2023-03-23T00:51:22.944+01:00 r=9db682193d68 ip=0:0:0:0:0:0:0:1  INFO 12612 --- [http-nio-8080-exec-7] a.a.t.s.a.individual.rest.HorseEndpoint  : POST trying to create Horse with the Name:     
2023-03-23T00:51:22.945+01:00 r=9db682193d68 ip=0:0:0:0:0:0:0:1  WARN 12612 --- [http-nio-8080-exec-7] a.a.t.s.a.individual.rest.HorseEndpoint  : 400 Horse could not be created: ValidationException: Validation of horse for creation failed. Failed validations: Horse name is given but blank.
2023-03-23T00:51:22.945+01:00 r=9db682193d68 ip=0:0:0:0:0:0:0:1  WARN 12612 --- [http-nio-8080-exec-7] .a.t.s.a.i.r.ApplicationExceptionHandler : Terminating request processing with status 422 due to ValidationException: Validation of horse for creation failed. Failed validations: Horse name is given but blank.
2023-03-23T00:51:22.946+01:00 r=9db682193d68 ip=0:0:0:0:0:0:0:1  WARN 12612 --- [http-nio-8080-exec-7] a.a.t.s.a.individual.config.LogFilter    : <<< POST /horses status=422 time=2ms
2023-03-23T00:52:36.241+01:00 r=ae2b30c80135 ip=0:0:0:0:0:0:0:1  INFO 12612 --- [http-nio-8080-exec-1] a.a.t.s.a.individual.config.LogFilter    : >>> OPTIONS /horses UA=Mozilla/5.0 (Windows NT 10.0; Win64; x64) AppleWebKit/537.36 (KHTML, like Gecko) Chrome/110.0.0.0 Safari/537.36
2023-03-23T00:52:36.241+01:00 r=ae2b30c80135 ip=0:0:0:0:0:0:0:1  INFO 12612 --- [http-nio-8080-exec-1] a.a.t.s.a.individual.config.LogFilter    : <<< OPTIONS /horses status=200 time=0ms
2023-03-23T00:52:36.244+01:00 r=593097537f23 ip=0:0:0:0:0:0:0:1  INFO 12612 --- [http-nio-8080-exec-2] a.a.t.s.a.individual.config.LogFilter    : >>> POST /horses UA=Mozilla/5.0 (Windows NT 10.0; Win64; x64) AppleWebKit/537.36 (KHTML, like Gecko) Chrome/110.0.0.0 Safari/537.36
2023-03-23T00:52:36.245+01:00 r=593097537f23 ip=0:0:0:0:0:0:0:1  INFO 12612 --- [http-nio-8080-exec-2] a.a.t.s.a.individual.rest.HorseEndpoint  : POST trying to create Horse with the Name:   
2023-03-23T00:52:36.245+01:00 r=593097537f23 ip=0:0:0:0:0:0:0:1  WARN 12612 --- [http-nio-8080-exec-2] a.a.t.s.a.individual.rest.HorseEndpoint  : 400 Horse could not be created: ValidationException: Validation of horse for creation failed. Failed validations: Horse name is given but blank.
2023-03-23T00:52:36.245+01:00 r=593097537f23 ip=0:0:0:0:0:0:0:1  WARN 12612 --- [http-nio-8080-exec-2] .a.t.s.a.i.r.ApplicationExceptionHandler : Terminating request processing with status 422 due to ValidationException: Validation of horse for creation failed. Failed validations: Horse name is given but blank.
2023-03-23T00:52:36.246+01:00 r=593097537f23 ip=0:0:0:0:0:0:0:1  WARN 12612 --- [http-nio-8080-exec-2] a.a.t.s.a.individual.config.LogFilter    : <<< POST /horses status=422 time=2ms
2023-03-23T00:56:32.930+01:00 r=ce5decb5b08c ip=0:0:0:0:0:0:0:1  INFO 12612 --- [http-nio-8080-exec-6] a.a.t.s.a.individual.config.LogFilter    : >>> POST /horses UA=Mozilla/5.0 (Windows NT 10.0; Win64; x64) AppleWebKit/537.36 (KHTML, like Gecko) Chrome/110.0.0.0 Safari/537.36
2023-03-23T00:56:32.931+01:00 r=ce5decb5b08c ip=0:0:0:0:0:0:0:1  INFO 12612 --- [http-nio-8080-exec-6] a.a.t.s.a.individual.rest.HorseEndpoint  : POST trying to create Horse with the Name:   
2023-03-23T00:56:32.932+01:00 r=ce5decb5b08c ip=0:0:0:0:0:0:0:1  WARN 12612 --- [http-nio-8080-exec-6] a.a.t.s.a.individual.rest.HorseEndpoint  : 400 Horse could not be created: ValidationException: Validation of horse for creation failed. Failed validations: Horse name is given but blank.
2023-03-23T00:56:32.932+01:00 r=ce5decb5b08c ip=0:0:0:0:0:0:0:1  WARN 12612 --- [http-nio-8080-exec-6] .a.t.s.a.i.r.ApplicationExceptionHandler : Terminating request processing with status 422 due to ValidationException: Validation of horse for creation failed. Failed validations: Horse name is given but blank.
2023-03-23T00:56:32.933+01:00 r=ce5decb5b08c ip=0:0:0:0:0:0:0:1  WARN 12612 --- [http-nio-8080-exec-6] a.a.t.s.a.individual.config.LogFilter    : <<< POST /horses status=422 time=2ms
2023-03-23T01:00:33.942+01:00 r=5e1b5cf3ac92 ip=0:0:0:0:0:0:0:1  INFO 12612 --- [http-nio-8080-exec-10] a.a.t.s.a.individual.config.LogFilter    : >>> POST /horses UA=Mozilla/5.0 (Windows NT 10.0; Win64; x64) AppleWebKit/537.36 (KHTML, like Gecko) Chrome/110.0.0.0 Safari/537.36
2023-03-23T01:00:33.943+01:00 r=5e1b5cf3ac92 ip=0:0:0:0:0:0:0:1  INFO 12612 --- [http-nio-8080-exec-10] a.a.t.s.a.individual.rest.HorseEndpoint  : POST trying to create Horse with the Name:   
2023-03-23T01:00:33.944+01:00 r=5e1b5cf3ac92 ip=0:0:0:0:0:0:0:1  WARN 12612 --- [http-nio-8080-exec-10] a.a.t.s.a.individual.rest.HorseEndpoint  : 400 Horse could not be created: ValidationException: Validation of horse for creation failed. Failed validations: Horse name is given but blank.
2023-03-23T01:00:33.944+01:00 r=5e1b5cf3ac92 ip=0:0:0:0:0:0:0:1  WARN 12612 --- [http-nio-8080-exec-10] .a.t.s.a.i.r.ApplicationExceptionHandler : Terminating request processing with status 422 due to ValidationException: Validation of horse for creation failed. Failed validations: Horse name is given but blank.
2023-03-23T01:00:33.945+01:00 r=5e1b5cf3ac92 ip=0:0:0:0:0:0:0:1  WARN 12612 --- [http-nio-8080-exec-10] a.a.t.s.a.individual.config.LogFilter    : <<< POST /horses status=422 time=2ms
2023-03-23T01:01:04.461+01:00 r=51255bf202c6 ip=0:0:0:0:0:0:0:1  INFO 12612 --- [http-nio-8080-exec-8] a.a.t.s.a.individual.config.LogFilter    : >>> POST /horses UA=Mozilla/5.0 (Windows NT 10.0; Win64; x64) AppleWebKit/537.36 (KHTML, like Gecko) Chrome/110.0.0.0 Safari/537.36
2023-03-23T01:01:04.462+01:00 r=51255bf202c6 ip=0:0:0:0:0:0:0:1  INFO 12612 --- [http-nio-8080-exec-8] a.a.t.s.a.individual.rest.HorseEndpoint  : POST trying to create Horse with the Name:   
2023-03-23T01:01:04.462+01:00 r=51255bf202c6 ip=0:0:0:0:0:0:0:1  WARN 12612 --- [http-nio-8080-exec-8] a.a.t.s.a.individual.rest.HorseEndpoint  : 400 Horse could not be created: ValidationException: Validation of horse for creation failed. Failed validations: Horse name is given but blank.
2023-03-23T01:01:04.463+01:00 r=51255bf202c6 ip=0:0:0:0:0:0:0:1  WARN 12612 --- [http-nio-8080-exec-8] .a.t.s.a.i.r.ApplicationExceptionHandler : Terminating request processing with status 422 due to ValidationException: Validation of horse for creation failed. Failed validations: Horse name is given but blank.
2023-03-23T01:01:04.463+01:00 r=51255bf202c6 ip=0:0:0:0:0:0:0:1  WARN 12612 --- [http-nio-8080-exec-8] a.a.t.s.a.individual.config.LogFilter    : <<< POST /horses status=422 time=2ms
2023-03-23T01:02:06.569+01:00 r=72ffe5005b58 ip=0:0:0:0:0:0:0:1  INFO 12612 --- [http-nio-8080-exec-7] a.a.t.s.a.individual.config.LogFilter    : >>> POST /horses UA=Mozilla/5.0 (Windows NT 10.0; Win64; x64) AppleWebKit/537.36 (KHTML, like Gecko) Chrome/110.0.0.0 Safari/537.36
2023-03-23T01:02:06.571+01:00 r=72ffe5005b58 ip=0:0:0:0:0:0:0:1  INFO 12612 --- [http-nio-8080-exec-7] a.a.t.s.a.individual.rest.HorseEndpoint  : POST trying to create Horse with the Name:   
2023-03-23T01:02:06.571+01:00 r=72ffe5005b58 ip=0:0:0:0:0:0:0:1  WARN 12612 --- [http-nio-8080-exec-7] a.a.t.s.a.individual.rest.HorseEndpoint  : 400 Horse could not be created: ValidationException: Validation of horse for creation failed. Failed validations: Horse name is given but blank.
2023-03-23T01:02:06.571+01:00 r=72ffe5005b58 ip=0:0:0:0:0:0:0:1  WARN 12612 --- [http-nio-8080-exec-7] .a.t.s.a.i.r.ApplicationExceptionHandler : Terminating request processing with status 422 due to ValidationException: Validation of horse for creation failed. Failed validations: Horse name is given but blank.
2023-03-23T01:02:06.572+01:00 r=72ffe5005b58 ip=0:0:0:0:0:0:0:1  WARN 12612 --- [http-nio-8080-exec-7] a.a.t.s.a.individual.config.LogFilter    : <<< POST /horses status=422 time=2ms
2023-03-23T01:02:42.550+01:00 r=51fd480cf591 ip=0:0:0:0:0:0:0:1  INFO 12612 --- [http-nio-8080-exec-3] a.a.t.s.a.individual.config.LogFilter    : >>> POST /horses UA=Mozilla/5.0 (Windows NT 10.0; Win64; x64) AppleWebKit/537.36 (KHTML, like Gecko) Chrome/110.0.0.0 Safari/537.36
2023-03-23T01:02:42.551+01:00 r=51fd480cf591 ip=0:0:0:0:0:0:0:1  INFO 12612 --- [http-nio-8080-exec-3] a.a.t.s.a.individual.rest.HorseEndpoint  : POST trying to create Horse with the Name:   
2023-03-23T01:02:42.551+01:00 r=51fd480cf591 ip=0:0:0:0:0:0:0:1  WARN 12612 --- [http-nio-8080-exec-3] a.a.t.s.a.individual.rest.HorseEndpoint  : 400 Horse could not be created: ValidationException: Validation of horse for creation failed. Failed validations: Horse name is given but blank.
2023-03-23T01:02:42.552+01:00 r=51fd480cf591 ip=0:0:0:0:0:0:0:1  WARN 12612 --- [http-nio-8080-exec-3] .a.t.s.a.i.r.ApplicationExceptionHandler : Terminating request processing with status 422 due to ValidationException: Validation of horse for creation failed. Failed validations: Horse name is given but blank.
2023-03-23T01:02:42.553+01:00 r=51fd480cf591 ip=0:0:0:0:0:0:0:1  WARN 12612 --- [http-nio-8080-exec-3] a.a.t.s.a.individual.config.LogFilter    : <<< POST /horses status=422 time=2ms
2023-03-23T01:02:48.858+01:00 r=0b3af5a43f79 ip=0:0:0:0:0:0:0:1  INFO 12612 --- [http-nio-8080-exec-1] a.a.t.s.a.individual.config.LogFilter    : >>> POST /horses UA=Mozilla/5.0 (Windows NT 10.0; Win64; x64) AppleWebKit/537.36 (KHTML, like Gecko) Chrome/110.0.0.0 Safari/537.36
2023-03-23T01:02:48.859+01:00 r=0b3af5a43f79 ip=0:0:0:0:0:0:0:1  INFO 12612 --- [http-nio-8080-exec-1] a.a.t.s.a.individual.rest.HorseEndpoint  : POST trying to create Horse with the Name:   
2023-03-23T01:02:48.859+01:00 r=0b3af5a43f79 ip=0:0:0:0:0:0:0:1  WARN 12612 --- [http-nio-8080-exec-1] a.a.t.s.a.individual.rest.HorseEndpoint  : 400 Horse could not be created: ValidationException: Validation of horse for creation failed. Failed validations: Horse name is given but blank.
2023-03-23T01:02:48.860+01:00 r=0b3af5a43f79 ip=0:0:0:0:0:0:0:1  WARN 12612 --- [http-nio-8080-exec-1] .a.t.s.a.i.r.ApplicationExceptionHandler : Terminating request processing with status 422 due to ValidationException: Validation of horse for creation failed. Failed validations: Horse name is given but blank.
2023-03-23T01:02:48.860+01:00 r=0b3af5a43f79 ip=0:0:0:0:0:0:0:1  WARN 12612 --- [http-nio-8080-exec-1] a.a.t.s.a.individual.config.LogFilter    : <<< POST /horses status=422 time=2ms
2023-03-23T01:04:23.441+01:00 r=0d24eece69f6 ip=0:0:0:0:0:0:0:1  INFO 12612 --- [http-nio-8080-exec-4] a.a.t.s.a.individual.config.LogFilter    : >>> POST /horses UA=Mozilla/5.0 (Windows NT 10.0; Win64; x64) AppleWebKit/537.36 (KHTML, like Gecko) Chrome/110.0.0.0 Safari/537.36
2023-03-23T01:04:23.442+01:00 r=0d24eece69f6 ip=0:0:0:0:0:0:0:1  INFO 12612 --- [http-nio-8080-exec-4] a.a.t.s.a.individual.rest.HorseEndpoint  : POST trying to create Horse with the Name:   
2023-03-23T01:04:23.443+01:00 r=0d24eece69f6 ip=0:0:0:0:0:0:0:1  WARN 12612 --- [http-nio-8080-exec-4] a.a.t.s.a.individual.rest.HorseEndpoint  : 400 Horse could not be created: ValidationException: Validation of horse for creation failed. Failed validations: Horse name is given but blank.
2023-03-23T01:04:23.443+01:00 r=0d24eece69f6 ip=0:0:0:0:0:0:0:1  WARN 12612 --- [http-nio-8080-exec-4] .a.t.s.a.i.r.ApplicationExceptionHandler : Terminating request processing with status 422 due to ValidationException: Validation of horse for creation failed. Failed validations: Horse name is given but blank.
2023-03-23T01:04:23.444+01:00 r=0d24eece69f6 ip=0:0:0:0:0:0:0:1  WARN 12612 --- [http-nio-8080-exec-4] a.a.t.s.a.individual.config.LogFilter    : <<< POST /horses status=422 time=2ms
2023-03-23T01:04:55.857+01:00 r=b5e0896827e2 ip=0:0:0:0:0:0:0:1  INFO 12612 --- [http-nio-8080-exec-6] a.a.t.s.a.individual.config.LogFilter    : >>> POST /horses UA=Mozilla/5.0 (Windows NT 10.0; Win64; x64) AppleWebKit/537.36 (KHTML, like Gecko) Chrome/110.0.0.0 Safari/537.36
2023-03-23T01:04:55.858+01:00 r=b5e0896827e2 ip=0:0:0:0:0:0:0:1  INFO 12612 --- [http-nio-8080-exec-6] a.a.t.s.a.individual.rest.HorseEndpoint  : POST trying to create Horse with the Name:   
2023-03-23T01:04:55.858+01:00 r=b5e0896827e2 ip=0:0:0:0:0:0:0:1  WARN 12612 --- [http-nio-8080-exec-6] a.a.t.s.a.individual.rest.HorseEndpoint  : 400 Horse could not be created: ValidationException: Validation of horse for creation failed. Failed validations: Horse name is given but blank.
2023-03-23T01:04:55.859+01:00 r=b5e0896827e2 ip=0:0:0:0:0:0:0:1  WARN 12612 --- [http-nio-8080-exec-6] .a.t.s.a.i.r.ApplicationExceptionHandler : Terminating request processing with status 422 due to ValidationException: Validation of horse for creation failed. Failed validations: Horse name is given but blank.
2023-03-23T01:04:55.859+01:00 r=b5e0896827e2 ip=0:0:0:0:0:0:0:1  WARN 12612 --- [http-nio-8080-exec-6] a.a.t.s.a.individual.config.LogFilter    : <<< POST /horses status=422 time=1ms
2023-03-23T01:07:07.861+01:00 r=64cc0b17ead0 ip=0:0:0:0:0:0:0:1  INFO 12612 --- [http-nio-8080-exec-10] a.a.t.s.a.individual.config.LogFilter    : >>> POST /horses UA=Mozilla/5.0 (Windows NT 10.0; Win64; x64) AppleWebKit/537.36 (KHTML, like Gecko) Chrome/110.0.0.0 Safari/537.36
2023-03-23T01:07:07.862+01:00 r=64cc0b17ead0 ip=0:0:0:0:0:0:0:1  INFO 12612 --- [http-nio-8080-exec-10] a.a.t.s.a.individual.rest.HorseEndpoint  : POST trying to create Horse with the Name:   
2023-03-23T01:07:07.863+01:00 r=64cc0b17ead0 ip=0:0:0:0:0:0:0:1  WARN 12612 --- [http-nio-8080-exec-10] a.a.t.s.a.individual.rest.HorseEndpoint  : 400 Horse could not be created: ValidationException: Validation of horse for creation failed. Failed validations: Horse name is given but blank.
2023-03-23T01:07:07.863+01:00 r=64cc0b17ead0 ip=0:0:0:0:0:0:0:1  WARN 12612 --- [http-nio-8080-exec-10] .a.t.s.a.i.r.ApplicationExceptionHandler : Terminating request processing with status 422 due to ValidationException: Validation of horse for creation failed. Failed validations: Horse name is given but blank.
2023-03-23T01:07:07.864+01:00 r=64cc0b17ead0 ip=0:0:0:0:0:0:0:1  WARN 12612 --- [http-nio-8080-exec-10] a.a.t.s.a.individual.config.LogFilter    : <<< POST /horses status=422 time=2ms
2023-03-23T01:07:39.825+01:00 r=ade96705318c ip=0:0:0:0:0:0:0:1  INFO 12612 --- [http-nio-8080-exec-8] a.a.t.s.a.individual.config.LogFilter    : >>> POST /horses UA=Mozilla/5.0 (Windows NT 10.0; Win64; x64) AppleWebKit/537.36 (KHTML, like Gecko) Chrome/110.0.0.0 Safari/537.36
2023-03-23T01:07:39.827+01:00 r=ade96705318c ip=0:0:0:0:0:0:0:1  INFO 12612 --- [http-nio-8080-exec-8] a.a.t.s.a.individual.rest.HorseEndpoint  : POST trying to create Horse with the Name:   
2023-03-23T01:07:39.827+01:00 r=ade96705318c ip=0:0:0:0:0:0:0:1  WARN 12612 --- [http-nio-8080-exec-8] a.a.t.s.a.individual.rest.HorseEndpoint  : 400 Horse could not be created: ValidationException: Validation of horse for creation failed. Failed validations: Horse name is given but blank.
2023-03-23T01:07:39.828+01:00 r=ade96705318c ip=0:0:0:0:0:0:0:1  WARN 12612 --- [http-nio-8080-exec-8] .a.t.s.a.i.r.ApplicationExceptionHandler : Terminating request processing with status 422 due to ValidationException: Validation of horse for creation failed. Failed validations: Horse name is given but blank.
2023-03-23T01:07:39.829+01:00 r=ade96705318c ip=0:0:0:0:0:0:0:1  WARN 12612 --- [http-nio-8080-exec-8] a.a.t.s.a.individual.config.LogFilter    : <<< POST /horses status=422 time=2ms
2023-03-23T01:08:18.753+01:00 r=574a0a197c95 ip=0:0:0:0:0:0:0:1  INFO 12612 --- [http-nio-8080-exec-9] a.a.t.s.a.individual.config.LogFilter    : >>> POST /horses UA=Mozilla/5.0 (Windows NT 10.0; Win64; x64) AppleWebKit/537.36 (KHTML, like Gecko) Chrome/110.0.0.0 Safari/537.36
2023-03-23T01:08:18.754+01:00 r=574a0a197c95 ip=0:0:0:0:0:0:0:1  INFO 12612 --- [http-nio-8080-exec-9] a.a.t.s.a.individual.rest.HorseEndpoint  : POST trying to create Horse with the Name:   
2023-03-23T01:08:18.754+01:00 r=574a0a197c95 ip=0:0:0:0:0:0:0:1  WARN 12612 --- [http-nio-8080-exec-9] a.a.t.s.a.individual.rest.HorseEndpoint  : 400 Horse could not be created: ValidationException: Validation of horse for creation failed. Failed validations: Horse name is given but blank.
2023-03-23T01:08:18.755+01:00 r=574a0a197c95 ip=0:0:0:0:0:0:0:1  WARN 12612 --- [http-nio-8080-exec-9] .a.t.s.a.i.r.ApplicationExceptionHandler : Terminating request processing with status 422 due to ValidationException: Validation of horse for creation failed. Failed validations: Horse name is given but blank.
2023-03-23T01:08:18.756+01:00 r=574a0a197c95 ip=0:0:0:0:0:0:0:1  WARN 12612 --- [http-nio-8080-exec-9] a.a.t.s.a.individual.config.LogFilter    : <<< POST /horses status=422 time=2ms
2023-03-23T01:08:43.988+01:00 r=b1ef6497592c ip=0:0:0:0:0:0:0:1  INFO 12612 --- [http-nio-8080-exec-7] a.a.t.s.a.individual.config.LogFilter    : >>> POST /horses UA=Mozilla/5.0 (Windows NT 10.0; Win64; x64) AppleWebKit/537.36 (KHTML, like Gecko) Chrome/110.0.0.0 Safari/537.36
2023-03-23T01:08:43.989+01:00 r=b1ef6497592c ip=0:0:0:0:0:0:0:1  INFO 12612 --- [http-nio-8080-exec-7] a.a.t.s.a.individual.rest.HorseEndpoint  : POST trying to create Horse with the Name:   tim
2023-03-23T01:08:43.989+01:00 r=b1ef6497592c ip=0:0:0:0:0:0:0:1  WARN 12612 --- [http-nio-8080-exec-7] a.a.t.s.a.individual.rest.HorseEndpoint  : 400 Horse could not be created: ValidationException: Validation of horse for creation failed. Failed validations: Horse description is given but blank.
2023-03-23T01:08:43.989+01:00 r=b1ef6497592c ip=0:0:0:0:0:0:0:1  WARN 12612 --- [http-nio-8080-exec-7] .a.t.s.a.i.r.ApplicationExceptionHandler : Terminating request processing with status 422 due to ValidationException: Validation of horse for creation failed. Failed validations: Horse description is given but blank.
2023-03-23T01:08:43.990+01:00 r=b1ef6497592c ip=0:0:0:0:0:0:0:1  WARN 12612 --- [http-nio-8080-exec-7] a.a.t.s.a.individual.config.LogFilter    : <<< POST /horses status=422 time=1ms
2023-03-23T01:26:34.030+01:00 r=6bf095a763c5 ip=0:0:0:0:0:0:0:1  INFO 12612 --- [http-nio-8080-exec-2] a.a.t.s.a.individual.config.LogFilter    : >>> POST /horses UA=PostmanRuntime/7.29.0
2023-03-23T01:26:34.034+01:00 r=6bf095a763c5 ip=0:0:0:0:0:0:0:1  WARN 12612 --- [http-nio-8080-exec-2] .w.s.m.s.DefaultHandlerExceptionResolver : Resolved [org.springframework.http.converter.HttpMessageNotReadableException: JSON parse error: Cannot deserialize value of type `java.time.LocalDate` from String "2000/01-01": Failed to deserialize java.time.LocalDate: (java.time.format.DateTimeParseException) Text '2000/01-01' could not be parsed at index 4]
2023-03-23T01:26:34.034+01:00 r=6bf095a763c5 ip=0:0:0:0:0:0:0:1  WARN 12612 --- [http-nio-8080-exec-2] a.a.t.s.a.individual.config.LogFilter    : <<< POST /horses status=400 time=3ms
2023-03-23T01:26:49.725+01:00 r=8dad5525b757 ip=0:0:0:0:0:0:0:1  INFO 12612 --- [http-nio-8080-exec-6] a.a.t.s.a.individual.config.LogFilter    : >>> POST /horses UA=PostmanRuntime/7.29.0
2023-03-23T01:26:49.726+01:00 r=8dad5525b757 ip=0:0:0:0:0:0:0:1  WARN 12612 --- [http-nio-8080-exec-6] .w.s.m.s.DefaultHandlerExceptionResolver : Resolved [org.springframework.http.converter.HttpMessageNotReadableException: JSON parse error: Cannot deserialize value of type `java.time.LocalDate` from String "2000-31-01": Failed to deserialize java.time.LocalDate: (java.time.format.DateTimeParseException) Text '2000-31-01' could not be parsed: Invalid value for MonthOfYear (valid values 1 - 12): 31]
2023-03-23T01:26:49.726+01:00 r=8dad5525b757 ip=0:0:0:0:0:0:0:1  WARN 12612 --- [http-nio-8080-exec-6] a.a.t.s.a.individual.config.LogFilter    : <<< POST /horses status=400 time=0ms
2023-03-23T01:30:51.232+01:00 r= ip=  INFO 12612 --- [SpringApplicationShutdownHook] com.zaxxer.hikari.HikariDataSource       : HikariPool-1 - Shutdown initiated...
2023-03-23T01:30:51.234+01:00 r= ip=  INFO 12612 --- [SpringApplicationShutdownHook] com.zaxxer.hikari.HikariDataSource       : HikariPool-1 - Shutdown completed.
2023-03-23T01:30:55.449+01:00 r= ip=  INFO 13308 --- [main] .a.i.SepmIndividualAssignmentApplication : Starting SepmIndividualAssignmentApplication using Java 17.0.2 with PID 13308 (C:\Uni\SEPM\einzelphase\backend\target\classes started by verci in C:\Uni\SEPM\einzelphase\backend)
2023-03-23T01:30:55.451+01:00 r= ip=  INFO 13308 --- [main] .a.i.SepmIndividualAssignmentApplication : No active profile set, falling back to 1 default profile: "default"
2023-03-23T01:30:56.045+01:00 r= ip=  INFO 13308 --- [main] o.s.b.w.embedded.tomcat.TomcatWebServer  : Tomcat initialized with port(s): 8080 (http)
2023-03-23T01:30:56.050+01:00 r= ip=  INFO 13308 --- [main] o.apache.catalina.core.StandardService   : Starting service [Tomcat]
2023-03-23T01:30:56.050+01:00 r= ip=  INFO 13308 --- [main] o.apache.catalina.core.StandardEngine    : Starting Servlet engine: [Apache Tomcat/10.1.5]
2023-03-23T01:30:56.103+01:00 r= ip=  INFO 13308 --- [main] o.a.c.c.C.[Tomcat].[localhost].[/]       : Initializing Spring embedded WebApplicationContext
2023-03-23T01:30:56.103+01:00 r= ip=  INFO 13308 --- [main] w.s.c.ServletWebServerApplicationContext : Root WebApplicationContext: initialization completed in 624 ms
2023-03-23T01:30:56.123+01:00 r= ip=  INFO 13308 --- [main] com.zaxxer.hikari.HikariDataSource       : HikariPool-1 - Starting...
2023-03-23T01:30:56.277+01:00 r= ip=  INFO 13308 --- [main] com.zaxxer.hikari.pool.HikariPool        : HikariPool-1 - Added connection conn1: url=jdbc:h2:./wendydb user=SA
2023-03-23T01:30:56.279+01:00 r= ip=  INFO 13308 --- [main] com.zaxxer.hikari.HikariDataSource       : HikariPool-1 - Start completed.
2023-03-23T01:30:56.286+01:00 r= ip=  INFO 13308 --- [main] o.s.b.a.h2.H2ConsoleAutoConfiguration    : H2 console available at '/h2-console'. Database available at 'jdbc:h2:./wendydb'
2023-03-23T01:30:56.538+01:00 r= ip=  INFO 13308 --- [main] o.s.b.w.embedded.tomcat.TomcatWebServer  : Tomcat started on port(s): 8080 (http) with context path ''
2023-03-23T01:30:56.543+01:00 r= ip=  INFO 13308 --- [main] .a.i.SepmIndividualAssignmentApplication : Started SepmIndividualAssignmentApplication in 1.382 seconds (process running for 1.722)
2023-03-23T01:31:09.058+01:00 r= ip=  INFO 13308 --- [http-nio-8080-exec-1] o.a.c.c.C.[Tomcat].[localhost].[/]       : Initializing Spring DispatcherServlet 'dispatcherServlet'
2023-03-23T01:31:09.058+01:00 r= ip=  INFO 13308 --- [http-nio-8080-exec-1] o.s.web.servlet.DispatcherServlet        : Initializing Servlet 'dispatcherServlet'
2023-03-23T01:31:09.059+01:00 r= ip=  INFO 13308 --- [http-nio-8080-exec-1] o.s.web.servlet.DispatcherServlet        : Completed initialization in 1 ms
2023-03-23T01:31:09.062+01:00 r=eb7f7de7a9e2 ip=0:0:0:0:0:0:0:1  INFO 13308 --- [http-nio-8080-exec-1] a.a.t.s.a.individual.config.LogFilter    : >>> OPTIONS /horses UA=Mozilla/5.0 (Windows NT 10.0; Win64; x64) AppleWebKit/537.36 (KHTML, like Gecko) Chrome/110.0.0.0 Safari/537.36
2023-03-23T01:31:09.079+01:00 r=eb7f7de7a9e2 ip=0:0:0:0:0:0:0:1  INFO 13308 --- [http-nio-8080-exec-1] a.a.t.s.a.individual.config.LogFilter    : <<< OPTIONS /horses status=200 time=16ms
2023-03-23T01:31:09.082+01:00 r=cb48e1740305 ip=0:0:0:0:0:0:0:1  INFO 13308 --- [http-nio-8080-exec-2] a.a.t.s.a.individual.config.LogFilter    : >>> POST /horses UA=Mozilla/5.0 (Windows NT 10.0; Win64; x64) AppleWebKit/537.36 (KHTML, like Gecko) Chrome/110.0.0.0 Safari/537.36
2023-03-23T01:31:09.131+01:00 r=cb48e1740305 ip=0:0:0:0:0:0:0:1  INFO 13308 --- [http-nio-8080-exec-2] a.a.t.s.a.individual.rest.HorseEndpoint  : POST trying to create Horse with the Name: zut
2023-03-23T01:31:09.140+01:00 r=cb48e1740305 ip=0:0:0:0:0:0:0:1  INFO 13308 --- [http-nio-8080-exec-2] a.a.t.s.a.i.p.impl.HorseJdbcDao          : created horse with ID:null
2023-03-23T01:31:09.145+01:00 r=cb48e1740305 ip=0:0:0:0:0:0:0:1  INFO 13308 --- [http-nio-8080-exec-2] a.a.t.s.a.individual.config.LogFilter    : <<< POST /horses status=200 time=63ms
2023-03-23T01:31:09.175+01:00 r=d992c733da18 ip=0:0:0:0:0:0:0:1  INFO 13308 --- [http-nio-8080-exec-3] a.a.t.s.a.individual.config.LogFilter    : >>> GET /horses UA=Mozilla/5.0 (Windows NT 10.0; Win64; x64) AppleWebKit/537.36 (KHTML, like Gecko) Chrome/110.0.0.0 Safari/537.36
2023-03-23T01:31:09.180+01:00 r=d992c733da18 ip=0:0:0:0:0:0:0:1  INFO 13308 --- [http-nio-8080-exec-3] a.a.t.s.a.individual.rest.HorseEndpoint  : GET /horses
2023-03-23T01:31:09.214+01:00 r=d992c733da18 ip=0:0:0:0:0:0:0:1  INFO 13308 --- [http-nio-8080-exec-3] a.a.t.s.a.individual.config.LogFilter    : <<< GET /horses status=200 time=38ms
2023-03-23T01:31:29.620+01:00 r=8063d4e747c5 ip=0:0:0:0:0:0:0:1  INFO 13308 --- [http-nio-8080-exec-5] a.a.t.s.a.individual.config.LogFilter    : >>> POST /horses UA=PostmanRuntime/7.29.0
2023-03-23T01:31:29.624+01:00 r=8063d4e747c5 ip=0:0:0:0:0:0:0:1  WARN 13308 --- [http-nio-8080-exec-5] .w.s.m.s.DefaultHandlerExceptionResolver : Resolved [org.springframework.http.converter.HttpMessageNotReadableException: JSON parse error: Cannot deserialize value of type `java.time.LocalDate` from String "2000/01-01": Failed to deserialize java.time.LocalDate: (java.time.format.DateTimeParseException) Text '2000/01-01' could not be parsed at index 4]
2023-03-23T01:31:29.624+01:00 r=8063d4e747c5 ip=0:0:0:0:0:0:0:1  WARN 13308 --- [http-nio-8080-exec-5] a.a.t.s.a.individual.config.LogFilter    : <<< POST /horses status=400 time=3ms
2023-03-23T01:45:21.405+01:00 r= ip=  INFO 13308 --- [SpringApplicationShutdownHook] com.zaxxer.hikari.HikariDataSource       : HikariPool-1 - Shutdown initiated...
2023-03-23T01:45:21.409+01:00 r= ip=  INFO 13308 --- [SpringApplicationShutdownHook] com.zaxxer.hikari.HikariDataSource       : HikariPool-1 - Shutdown completed.
2023-03-23T01:45:25.063+01:00 r= ip=  INFO 22520 --- [main] .a.i.SepmIndividualAssignmentApplication : Starting SepmIndividualAssignmentApplication using Java 17.0.2 with PID 22520 (C:\Uni\SEPM\einzelphase\backend\target\classes started by verci in C:\Uni\SEPM\einzelphase\backend)
2023-03-23T01:45:25.065+01:00 r= ip=  INFO 22520 --- [main] .a.i.SepmIndividualAssignmentApplication : No active profile set, falling back to 1 default profile: "default"
2023-03-23T01:45:25.728+01:00 r= ip=  INFO 22520 --- [main] o.s.b.w.embedded.tomcat.TomcatWebServer  : Tomcat initialized with port(s): 8080 (http)
2023-03-23T01:45:25.734+01:00 r= ip=  INFO 22520 --- [main] o.apache.catalina.core.StandardService   : Starting service [Tomcat]
2023-03-23T01:45:25.734+01:00 r= ip=  INFO 22520 --- [main] o.apache.catalina.core.StandardEngine    : Starting Servlet engine: [Apache Tomcat/10.1.5]
2023-03-23T01:45:25.793+01:00 r= ip=  INFO 22520 --- [main] o.a.c.c.C.[Tomcat].[localhost].[/]       : Initializing Spring embedded WebApplicationContext
2023-03-23T01:45:25.793+01:00 r= ip=  INFO 22520 --- [main] w.s.c.ServletWebServerApplicationContext : Root WebApplicationContext: initialization completed in 700 ms
2023-03-23T01:45:25.816+01:00 r= ip=  INFO 22520 --- [main] com.zaxxer.hikari.HikariDataSource       : HikariPool-1 - Starting...
2023-03-23T01:45:25.985+01:00 r= ip=  INFO 22520 --- [main] com.zaxxer.hikari.pool.HikariPool        : HikariPool-1 - Added connection conn1: url=jdbc:h2:./wendydb user=SA
2023-03-23T01:45:25.993+01:00 r= ip=  INFO 22520 --- [main] com.zaxxer.hikari.HikariDataSource       : HikariPool-1 - Start completed.
2023-03-23T01:45:26.001+01:00 r= ip=  INFO 22520 --- [main] o.s.b.a.h2.H2ConsoleAutoConfiguration    : H2 console available at '/h2-console'. Database available at 'jdbc:h2:./wendydb'
2023-03-23T01:45:26.274+01:00 r= ip=  INFO 22520 --- [main] o.s.b.w.embedded.tomcat.TomcatWebServer  : Tomcat started on port(s): 8080 (http) with context path ''
2023-03-23T01:45:26.282+01:00 r= ip=  INFO 22520 --- [main] .a.i.SepmIndividualAssignmentApplication : Started SepmIndividualAssignmentApplication in 1.505 seconds (process running for 1.88)
2023-03-23T01:45:44.818+01:00 r= ip=  INFO 22520 --- [http-nio-8080-exec-1] o.a.c.c.C.[Tomcat].[localhost].[/]       : Initializing Spring DispatcherServlet 'dispatcherServlet'
2023-03-23T01:45:44.818+01:00 r= ip=  INFO 22520 --- [http-nio-8080-exec-1] o.s.web.servlet.DispatcherServlet        : Initializing Servlet 'dispatcherServlet'
2023-03-23T01:45:44.819+01:00 r= ip=  INFO 22520 --- [http-nio-8080-exec-1] o.s.web.servlet.DispatcherServlet        : Completed initialization in 1 ms
2023-03-23T01:45:44.822+01:00 r=f0de2c3eb115 ip=0:0:0:0:0:0:0:1  INFO 22520 --- [http-nio-8080-exec-1] a.a.t.s.a.individual.config.LogFilter    : >>> POST /horses UA=Mozilla/5.0 (Windows NT 10.0; Win64; x64) AppleWebKit/537.36 (KHTML, like Gecko) Chrome/110.0.0.0 Safari/537.36
2023-03-23T01:45:44.884+01:00 r=f0de2c3eb115 ip=0:0:0:0:0:0:0:1  INFO 22520 --- [http-nio-8080-exec-1] a.a.t.s.a.individual.rest.HorseEndpoint  : POST trying to create Horse with the Name: tut
2023-03-23T01:45:44.884+01:00 r=f0de2c3eb115 ip=0:0:0:0:0:0:0:1  WARN 22520 --- [http-nio-8080-exec-1] a.a.t.s.a.individual.rest.HorseEndpoint  : 400 Horse could not be created: ValidationException: Validation of horse for creation failed. Failed validations: The given sex is not valid.
2023-03-23T01:45:44.886+01:00 r=f0de2c3eb115 ip=0:0:0:0:0:0:0:1  WARN 22520 --- [http-nio-8080-exec-1] .a.t.s.a.i.r.ApplicationExceptionHandler : Terminating request processing with status 422 due to ValidationException: Validation of horse for creation failed. Failed validations: The given sex is not valid.
2023-03-23T01:45:44.906+01:00 r=f0de2c3eb115 ip=0:0:0:0:0:0:0:1  WARN 22520 --- [http-nio-8080-exec-1] a.a.t.s.a.individual.config.LogFilter    : <<< POST /horses status=422 time=84ms
2023-03-23T01:46:17.276+01:00 r= ip=  INFO 22520 --- [SpringApplicationShutdownHook] com.zaxxer.hikari.HikariDataSource       : HikariPool-1 - Shutdown initiated...
2023-03-23T01:46:17.287+01:00 r= ip=  INFO 22520 --- [SpringApplicationShutdownHook] com.zaxxer.hikari.HikariDataSource       : HikariPool-1 - Shutdown completed.
2023-03-23T01:46:20.844+01:00 r= ip=  INFO 20084 --- [main] .a.i.SepmIndividualAssignmentApplication : Starting SepmIndividualAssignmentApplication using Java 17.0.2 with PID 20084 (C:\Uni\SEPM\einzelphase\backend\target\classes started by verci in C:\Uni\SEPM\einzelphase\backend)
2023-03-23T01:46:20.847+01:00 r= ip=  INFO 20084 --- [main] .a.i.SepmIndividualAssignmentApplication : No active profile set, falling back to 1 default profile: "default"
2023-03-23T01:46:21.436+01:00 r= ip=  INFO 20084 --- [main] o.s.b.w.embedded.tomcat.TomcatWebServer  : Tomcat initialized with port(s): 8080 (http)
2023-03-23T01:46:21.443+01:00 r= ip=  INFO 20084 --- [main] o.apache.catalina.core.StandardService   : Starting service [Tomcat]
2023-03-23T01:46:21.443+01:00 r= ip=  INFO 20084 --- [main] o.apache.catalina.core.StandardEngine    : Starting Servlet engine: [Apache Tomcat/10.1.5]
2023-03-23T01:46:21.497+01:00 r= ip=  INFO 20084 --- [main] o.a.c.c.C.[Tomcat].[localhost].[/]       : Initializing Spring embedded WebApplicationContext
2023-03-23T01:46:21.497+01:00 r= ip=  INFO 20084 --- [main] w.s.c.ServletWebServerApplicationContext : Root WebApplicationContext: initialization completed in 624 ms
2023-03-23T01:46:21.516+01:00 r= ip=  INFO 20084 --- [main] com.zaxxer.hikari.HikariDataSource       : HikariPool-1 - Starting...
2023-03-23T01:46:21.675+01:00 r= ip=  INFO 20084 --- [main] com.zaxxer.hikari.pool.HikariPool        : HikariPool-1 - Added connection conn1: url=jdbc:h2:./wendydb user=SA
2023-03-23T01:46:21.676+01:00 r= ip=  INFO 20084 --- [main] com.zaxxer.hikari.HikariDataSource       : HikariPool-1 - Start completed.
2023-03-23T01:46:21.684+01:00 r= ip=  INFO 20084 --- [main] o.s.b.a.h2.H2ConsoleAutoConfiguration    : H2 console available at '/h2-console'. Database available at 'jdbc:h2:./wendydb'
2023-03-23T01:46:21.943+01:00 r= ip=  INFO 20084 --- [main] o.s.b.w.embedded.tomcat.TomcatWebServer  : Tomcat started on port(s): 8080 (http) with context path ''
2023-03-23T01:46:21.949+01:00 r= ip=  INFO 20084 --- [main] .a.i.SepmIndividualAssignmentApplication : Started SepmIndividualAssignmentApplication in 1.392 seconds (process running for 1.736)
2023-03-23T01:46:29.005+01:00 r= ip=  INFO 20084 --- [http-nio-8080-exec-1] o.a.c.c.C.[Tomcat].[localhost].[/]       : Initializing Spring DispatcherServlet 'dispatcherServlet'
2023-03-23T01:46:29.005+01:00 r= ip=  INFO 20084 --- [http-nio-8080-exec-1] o.s.web.servlet.DispatcherServlet        : Initializing Servlet 'dispatcherServlet'
2023-03-23T01:46:29.006+01:00 r= ip=  INFO 20084 --- [http-nio-8080-exec-1] o.s.web.servlet.DispatcherServlet        : Completed initialization in 1 ms
2023-03-23T01:46:29.009+01:00 r=13111b641061 ip=0:0:0:0:0:0:0:1  INFO 20084 --- [http-nio-8080-exec-1] a.a.t.s.a.individual.config.LogFilter    : >>> POST /horses UA=Mozilla/5.0 (Windows NT 10.0; Win64; x64) AppleWebKit/537.36 (KHTML, like Gecko) Chrome/110.0.0.0 Safari/537.36
2023-03-23T01:46:29.072+01:00 r=13111b641061 ip=0:0:0:0:0:0:0:1  INFO 20084 --- [http-nio-8080-exec-1] a.a.t.s.a.individual.rest.HorseEndpoint  : POST trying to create Horse with the Name: tit
2023-03-23T01:46:29.072+01:00 r=13111b641061 ip=0:0:0:0:0:0:0:1  WARN 20084 --- [http-nio-8080-exec-1] a.a.t.s.a.individual.rest.HorseEndpoint  : 400 Horse could not be created: ValidationException: Validation of horse for creation failed. Failed validations: The given sex is not valid.
2023-03-23T01:46:29.074+01:00 r=13111b641061 ip=0:0:0:0:0:0:0:1  WARN 20084 --- [http-nio-8080-exec-1] .a.t.s.a.i.r.ApplicationExceptionHandler : Terminating request processing with status 422 due to ValidationException: Validation of horse for creation failed. Failed validations: The given sex is not valid.
2023-03-23T01:46:29.093+01:00 r=13111b641061 ip=0:0:0:0:0:0:0:1  WARN 20084 --- [http-nio-8080-exec-1] a.a.t.s.a.individual.config.LogFilter    : <<< POST /horses status=422 time=82ms
2023-03-23T01:46:42.498+01:00 r= ip=  INFO 20084 --- [SpringApplicationShutdownHook] com.zaxxer.hikari.HikariDataSource       : HikariPool-1 - Shutdown initiated...
2023-03-23T01:46:42.510+01:00 r= ip=  INFO 20084 --- [SpringApplicationShutdownHook] com.zaxxer.hikari.HikariDataSource       : HikariPool-1 - Shutdown completed.
2023-03-23T01:46:46.073+01:00 r= ip=  INFO 20908 --- [main] .a.i.SepmIndividualAssignmentApplication : Starting SepmIndividualAssignmentApplication using Java 17.0.2 with PID 20908 (C:\Uni\SEPM\einzelphase\backend\target\classes started by verci in C:\Uni\SEPM\einzelphase\backend)
2023-03-23T01:46:46.074+01:00 r= ip=  INFO 20908 --- [main] .a.i.SepmIndividualAssignmentApplication : No active profile set, falling back to 1 default profile: "default"
2023-03-23T01:46:46.665+01:00 r= ip=  INFO 20908 --- [main] o.s.b.w.embedded.tomcat.TomcatWebServer  : Tomcat initialized with port(s): 8080 (http)
2023-03-23T01:46:46.670+01:00 r= ip=  INFO 20908 --- [main] o.apache.catalina.core.StandardService   : Starting service [Tomcat]
2023-03-23T01:46:46.671+01:00 r= ip=  INFO 20908 --- [main] o.apache.catalina.core.StandardEngine    : Starting Servlet engine: [Apache Tomcat/10.1.5]
2023-03-23T01:46:46.725+01:00 r= ip=  INFO 20908 --- [main] o.a.c.c.C.[Tomcat].[localhost].[/]       : Initializing Spring embedded WebApplicationContext
2023-03-23T01:46:46.726+01:00 r= ip=  INFO 20908 --- [main] w.s.c.ServletWebServerApplicationContext : Root WebApplicationContext: initialization completed in 622 ms
2023-03-23T01:46:46.745+01:00 r= ip=  INFO 20908 --- [main] com.zaxxer.hikari.HikariDataSource       : HikariPool-1 - Starting...
2023-03-23T01:46:46.908+01:00 r= ip=  INFO 20908 --- [main] com.zaxxer.hikari.pool.HikariPool        : HikariPool-1 - Added connection conn1: url=jdbc:h2:./wendydb user=SA
2023-03-23T01:46:46.910+01:00 r= ip=  INFO 20908 --- [main] com.zaxxer.hikari.HikariDataSource       : HikariPool-1 - Start completed.
2023-03-23T01:46:46.918+01:00 r= ip=  INFO 20908 --- [main] o.s.b.a.h2.H2ConsoleAutoConfiguration    : H2 console available at '/h2-console'. Database available at 'jdbc:h2:./wendydb'
2023-03-23T01:46:47.186+01:00 r= ip=  INFO 20908 --- [main] o.s.b.w.embedded.tomcat.TomcatWebServer  : Tomcat started on port(s): 8080 (http) with context path ''
2023-03-23T01:46:47.194+01:00 r= ip=  INFO 20908 --- [main] .a.i.SepmIndividualAssignmentApplication : Started SepmIndividualAssignmentApplication in 1.418 seconds (process running for 1.772)
2023-03-23T01:46:52.283+01:00 r= ip=  INFO 20908 --- [http-nio-8080-exec-1] o.a.c.c.C.[Tomcat].[localhost].[/]       : Initializing Spring DispatcherServlet 'dispatcherServlet'
2023-03-23T01:46:52.283+01:00 r= ip=  INFO 20908 --- [http-nio-8080-exec-1] o.s.web.servlet.DispatcherServlet        : Initializing Servlet 'dispatcherServlet'
2023-03-23T01:46:52.283+01:00 r= ip=  INFO 20908 --- [http-nio-8080-exec-1] o.s.web.servlet.DispatcherServlet        : Completed initialization in 0 ms
2023-03-23T01:46:52.287+01:00 r=cbaa7f6d8302 ip=0:0:0:0:0:0:0:1  INFO 20908 --- [http-nio-8080-exec-1] a.a.t.s.a.individual.config.LogFilter    : >>> POST /horses UA=Mozilla/5.0 (Windows NT 10.0; Win64; x64) AppleWebKit/537.36 (KHTML, like Gecko) Chrome/110.0.0.0 Safari/537.36
2023-03-23T01:46:52.350+01:00 r=cbaa7f6d8302 ip=0:0:0:0:0:0:0:1  INFO 20908 --- [http-nio-8080-exec-1] a.a.t.s.a.individual.rest.HorseEndpoint  : POST trying to create Horse with the Name: tit
2023-03-23T01:46:52.361+01:00 r=cbaa7f6d8302 ip=0:0:0:0:0:0:0:1  INFO 20908 --- [http-nio-8080-exec-1] a.a.t.s.a.i.p.impl.HorseJdbcDao          : created horse with ID:null
2023-03-23T01:46:52.368+01:00 r=cbaa7f6d8302 ip=0:0:0:0:0:0:0:1  INFO 20908 --- [http-nio-8080-exec-1] a.a.t.s.a.individual.config.LogFilter    : <<< POST /horses status=200 time=80ms
2023-03-23T01:46:52.394+01:00 r=7f8249b927c2 ip=0:0:0:0:0:0:0:1  INFO 20908 --- [http-nio-8080-exec-2] a.a.t.s.a.individual.config.LogFilter    : >>> GET /horses UA=Mozilla/5.0 (Windows NT 10.0; Win64; x64) AppleWebKit/537.36 (KHTML, like Gecko) Chrome/110.0.0.0 Safari/537.36
2023-03-23T01:46:52.398+01:00 r=7f8249b927c2 ip=0:0:0:0:0:0:0:1  INFO 20908 --- [http-nio-8080-exec-2] a.a.t.s.a.individual.rest.HorseEndpoint  : GET /horses
2023-03-23T01:46:52.429+01:00 r=7f8249b927c2 ip=0:0:0:0:0:0:0:1  INFO 20908 --- [http-nio-8080-exec-2] a.a.t.s.a.individual.config.LogFilter    : <<< GET /horses status=200 time=35ms
2023-03-23T01:47:29.245+01:00 r=1426eb9a7b32 ip=0:0:0:0:0:0:0:1  INFO 20908 --- [http-nio-8080-exec-3] a.a.t.s.a.individual.config.LogFilter    : >>> GET /owners?name=df&maxAmount=5 UA=Mozilla/5.0 (Windows NT 10.0; Win64; x64) AppleWebKit/537.36 (KHTML, like Gecko) Chrome/110.0.0.0 Safari/537.36
2023-03-23T01:47:29.248+01:00 r=1426eb9a7b32 ip=0:0:0:0:0:0:0:1  INFO 20908 --- [http-nio-8080-exec-3] a.a.t.s.a.individual.rest.OwnerEndpoint  : GET /owners query parameters: OwnerSearchDto[name=df, maxAmount=5]
2023-03-23T01:47:29.253+01:00 r=1426eb9a7b32 ip=0:0:0:0:0:0:0:1  INFO 20908 --- [http-nio-8080-exec-3] a.a.t.s.a.individual.config.LogFilter    : <<< GET /owners?name=df&maxAmount=5 status=200 time=6ms
